<?xml version="1.0" encoding="UTF-8"?>
<!-- Generated by org.testng.reporters.JUnitReportReporter -->
<testsuite skipped="0" hostname="HONEYWE-1RNG1GO" name="com.hackathon.hw.pagetest.BookMyMovieTestSet1" tests="1" failures="0" timestamp="23 Feb 2018 10:30:46 GMT" time="31.339" errors="0">
  <testcase name="bookMyMovieTest1" time="31.339" classname="com.hackathon.hw.pagetest.BookMyMovieTestSet1"/>
</testsuite> <!-- com.hackathon.hw.pagetest.BookMyMovieTestSet1 -->
